{"total": {"lines":{"total":188,"covered":187,"skipped":0,"pct":99.46},"statements":{"total":188,"covered":187,"skipped":0,"pct":99.46},"functions":{"total":10,"covered":9,"skipped":0,"pct":90},"branches":{"total":15,"covered":15,"skipped":0,"pct":100},"branchesTrue":{"total":0,"covered":0,"skipped":0,"pct":"Unknown"}}
,"C:\\Users\\samso\\Desktop\\Bookurtreat\\dev-ops-flow\\src\\sample-element\\sample-element.styles.ts": {"lines":{"total":69,"covered":69,"skipped":0,"pct":100},"functions":{"total":1,"covered":1,"skipped":0,"pct":100},"statements":{"total":69,"covered":69,"skipped":0,"pct":100},"branches":{"total":1,"covered":1,"skipped":0,"pct":100}}
,"C:\\Users\\samso\\Desktop\\Bookurtreat\\dev-ops-flow\\src\\sample-element\\sample-element.ts": {"lines":{"total":119,"covered":118,"skipped":0,"pct":99.15},"functions":{"total":9,"covered":8,"skipped":0,"pct":88.88},"statements":{"total":119,"covered":118,"skipped":0,"pct":99.15},"branches":{"total":14,"covered":14,"skipped":0,"pct":100}}
}
